Tue, Apr 15, 2025 10:32:55 PM: 
Compilation failed
test.c:8:8: error: '_strdup' redeclared without dllimport attribute: previous dllimport ignored [-Werror=attributes]
    8 | char * _strdup(const char * str) {
      |        ^~~~~~~
test.c: In function 'enlarge_test':
test.c:442:9: error: 'sprintf' argument 3 overlaps destination object 'msg' [-Werror=restrict]
  442 |         sprintf(msg,"%.100s\nbut should be: \nvalue3  (null)  (null)  (null)  value4  (null)  value2  value1  value0  (null)  (null)  (null)  value5  (null)  (null)  (null)  (null)  (null)  (null)  (null)",msg);
      |         ^~~~~~~~~~~~~~~~~~~~~~~~~~~~~~~~~~~~~~~~~~~~~~~~~~~~~~~~~~~~~~~~~~~~~~~~~~~~~~~~~~~~~~~~~~~~~~~~~~~~~~~~~~~~~~~~~~~~~~~~~~~~~~~~~~~~~~~~~~~~~~~~~~~~~~~~~~~~~~~~~~~~~~~~~~~~~~~~~~~~~~~~~~~~~~~~~~~~~~~~~~
test.c:14:6: note: destination object referenced by 'restrict'-qualified argument 1 was declared here
   14 | char msg[300];
      |      ^~~
test.c:439:18: error: 'sprintf' argument 3 overlaps destination object 'msg' [-Werror=restrict]
  439 |             else sprintf(msg,"%.100s%s  ", msg, (char*)map->buckets[i]->value);
      |                  ^~~~~~~~~~~~~~~~~~~~~~~~~~~~~~~~~~~~~~~~~~~~~~~~~~~~~~~~~~~~~
test.c:14:6: note: destination object referenced by 'restrict'-qualified argument 1 was declared here
   14 | char msg[300];
      |      ^~~
test.c:438:39: error: 'sprintf' argument 3 overlaps destination object 'msg' [-Werror=restrict]
  438 |             if(map->buckets[i]==NULL) sprintf(msg,"%.100s(null)  ",msg);
      |                                       ^~~~~~~~~~~~~~~~~~~~~~~~~~~~~~~~~
test.c:14:6: note: destination object referenced by 'restrict'-qualified argument 1 was declared here
   14 | char msg[300];
      |      ^~~
cc1.exe: all warnings being treated as errors
eeef3b7
Tue, Apr 15, 2025 10:38:15 PM: 
Compilation failed
test.c:8:8: error: '_strdup' redeclared without dllimport attribute: previous dllimport ignored [-Werror=attributes]
    8 | char * _strdup(const char * str) {
      |        ^~~~~~~
test.c: In function 'enlarge_test':
test.c:442:9: error: 'sprintf' argument 3 overlaps destination object 'msg' [-Werror=restrict]
  442 |         sprintf(msg,"%.100s\nbut should be: \nvalue3  (null)  (null)  (null)  value4  (null)  value2  value1  value0  (null)  (null)  (null)  value5  (null)  (null)  (null)  (null)  (null)  (null)  (null)",msg);
      |         ^~~~~~~~~~~~~~~~~~~~~~~~~~~~~~~~~~~~~~~~~~~~~~~~~~~~~~~~~~~~~~~~~~~~~~~~~~~~~~~~~~~~~~~~~~~~~~~~~~~~~~~~~~~~~~~~~~~~~~~~~~~~~~~~~~~~~~~~~~~~~~~~~~~~~~~~~~~~~~~~~~~~~~~~~~~~~~~~~~~~~~~~~~~~~~~~~~~~~~~~~~
test.c:14:6: note: destination object referenced by 'restrict'-qualified argument 1 was declared here
   14 | char msg[300];
      |      ^~~
test.c:439:18: error: 'sprintf' argument 3 overlaps destination object 'msg' [-Werror=restrict]
  439 |             else sprintf(msg,"%.100s%s  ", msg, (char*)map->buckets[i]->value);
      |                  ^~~~~~~~~~~~~~~~~~~~~~~~~~~~~~~~~~~~~~~~~~~~~~~~~~~~~~~~~~~~~
test.c:14:6: note: destination object referenced by 'restrict'-qualified argument 1 was declared here
   14 | char msg[300];
      |      ^~~
test.c:438:39: error: 'sprintf' argument 3 overlaps destination object 'msg' [-Werror=restrict]
  438 |             if(map->buckets[i]==NULL) sprintf(msg,"%.100s(null)  ",msg);
      |                                       ^~~~~~~~~~~~~~~~~~~~~~~~~~~~~~~~~
test.c:14:6: note: destination object referenced by 'restrict'-qualified argument 1 was declared here
   14 | char msg[300];
      |      ^~~
cc1.exe: all warnings being treated as errors
e36bc17
Tue, Apr 15, 2025 10:38:22 PM: 
Compilation failed
test.c:8:8: error: '_strdup' redeclared without dllimport attribute: previous dllimport ignored [-Werror=attributes]
    8 | char * _strdup(const char * str) {
      |        ^~~~~~~
test.c: In function 'enlarge_test':
test.c:442:9: error: 'sprintf' argument 3 overlaps destination object 'msg' [-Werror=restrict]
  442 |         sprintf(msg,"%.100s\nbut should be: \nvalue3  (null)  (null)  (null)  value4  (null)  value2  value1  value0  (null)  (null)  (null)  value5  (null)  (null)  (null)  (null)  (null)  (null)  (null)",msg);
      |         ^~~~~~~~~~~~~~~~~~~~~~~~~~~~~~~~~~~~~~~~~~~~~~~~~~~~~~~~~~~~~~~~~~~~~~~~~~~~~~~~~~~~~~~~~~~~~~~~~~~~~~~~~~~~~~~~~~~~~~~~~~~~~~~~~~~~~~~~~~~~~~~~~~~~~~~~~~~~~~~~~~~~~~~~~~~~~~~~~~~~~~~~~~~~~~~~~~~~~~~~~~
test.c:14:6: note: destination object referenced by 'restrict'-qualified argument 1 was declared here
   14 | char msg[300];
      |      ^~~
test.c:439:18: error: 'sprintf' argument 3 overlaps destination object 'msg' [-Werror=restrict]
  439 |             else sprintf(msg,"%.100s%s  ", msg, (char*)map->buckets[i]->value);
      |                  ^~~~~~~~~~~~~~~~~~~~~~~~~~~~~~~~~~~~~~~~~~~~~~~~~~~~~~~~~~~~~
test.c:14:6: note: destination object referenced by 'restrict'-qualified argument 1 was declared here
   14 | char msg[300];
      |      ^~~
test.c:438:39: error: 'sprintf' argument 3 overlaps destination object 'msg' [-Werror=restrict]
  438 |             if(map->buckets[i]==NULL) sprintf(msg,"%.100s(null)  ",msg);
      |                                       ^~~~~~~~~~~~~~~~~~~~~~~~~~~~~~~~~
test.c:14:6: note: destination object referenced by 'restrict'-qualified argument 1 was declared here
   14 | char msg[300];
      |      ^~~
cc1.exe: all warnings being treated as errors
eea9f38
Tue, Apr 15, 2025 10:38:27 PM: 
Compilation failed
test.c:8:8: error: '_strdup' redeclared without dllimport attribute: previous dllimport ignored [-Werror=attributes]
    8 | char * _strdup(const char * str) {
      |        ^~~~~~~
test.c: In function 'enlarge_test':
test.c:442:9: error: 'sprintf' argument 3 overlaps destination object 'msg' [-Werror=restrict]
  442 |         sprintf(msg,"%.100s\nbut should be: \nvalue3  (null)  (null)  (null)  value4  (null)  value2  value1  value0  (null)  (null)  (null)  value5  (null)  (null)  (null)  (null)  (null)  (null)  (null)",msg);
      |         ^~~~~~~~~~~~~~~~~~~~~~~~~~~~~~~~~~~~~~~~~~~~~~~~~~~~~~~~~~~~~~~~~~~~~~~~~~~~~~~~~~~~~~~~~~~~~~~~~~~~~~~~~~~~~~~~~~~~~~~~~~~~~~~~~~~~~~~~~~~~~~~~~~~~~~~~~~~~~~~~~~~~~~~~~~~~~~~~~~~~~~~~~~~~~~~~~~~~~~~~~~
test.c:14:6: note: destination object referenced by 'restrict'-qualified argument 1 was declared here
   14 | char msg[300];
      |      ^~~
test.c:439:18: error: 'sprintf' argument 3 overlaps destination object 'msg' [-Werror=restrict]
  439 |             else sprintf(msg,"%.100s%s  ", msg, (char*)map->buckets[i]->value);
      |                  ^~~~~~~~~~~~~~~~~~~~~~~~~~~~~~~~~~~~~~~~~~~~~~~~~~~~~~~~~~~~~
test.c:14:6: note: destination object referenced by 'restrict'-qualified argument 1 was declared here
   14 | char msg[300];
      |      ^~~
test.c:438:39: error: 'sprintf' argument 3 overlaps destination object 'msg' [-Werror=restrict]
  438 |             if(map->buckets[i]==NULL) sprintf(msg,"%.100s(null)  ",msg);
      |                                       ^~~~~~~~~~~~~~~~~~~~~~~~~~~~~~~~~
test.c:14:6: note: destination object referenced by 'restrict'-qualified argument 1 was declared here
   14 | char msg[300];
      |      ^~~
cc1.exe: all warnings being treated as errors
19bc0d0
Tue, Apr 15, 2025 11:00:49 PM: 
 hashmap.c | 8 ++++++--
 1 file changed, 6 insertions(+), 2 deletions(-)
Compilation failed
test.c:8:8: error: '_strdup' redeclared without dllimport attribute: previous dllimport ignored [-Werror=attributes]
    8 | char * _strdup(const char * str) {
      |        ^~~~~~~
test.c: In function 'enlarge_test':
test.c:442:9: error: 'sprintf' argument 3 overlaps destination object 'msg' [-Werror=restrict]
  442 |         sprintf(msg,"%.100s\nbut should be: \nvalue3  (null)  (null)  (null)  value4  (null)  value2  value1  value0  (null)  (null)  (null)  value5  (null)  (null)  (null)  (null)  (null)  (null)  (null)",msg);
      |         ^~~~~~~~~~~~~~~~~~~~~~~~~~~~~~~~~~~~~~~~~~~~~~~~~~~~~~~~~~~~~~~~~~~~~~~~~~~~~~~~~~~~~~~~~~~~~~~~~~~~~~~~~~~~~~~~~~~~~~~~~~~~~~~~~~~~~~~~~~~~~~~~~~~~~~~~~~~~~~~~~~~~~~~~~~~~~~~~~~~~~~~~~~~~~~~~~~~~~~~~~~
test.c:14:6: note: destination object referenced by 'restrict'-qualified argument 1 was declared here
   14 | char msg[300];
      |      ^~~
test.c:439:18: error: 'sprintf' argument 3 overlaps destination object 'msg' [-Werror=restrict]
  439 |             else sprintf(msg,"%.100s%s  ", msg, (char*)map->buckets[i]->value);
      |                  ^~~~~~~~~~~~~~~~~~~~~~~~~~~~~~~~~~~~~~~~~~~~~~~~~~~~~~~~~~~~~
test.c:14:6: note: destination object referenced by 'restrict'-qualified argument 1 was declared here
   14 | char msg[300];
      |      ^~~
test.c:438:39: error: 'sprintf' argument 3 overlaps destination object 'msg' [-Werror=restrict]
  438 |             if(map->buckets[i]==NULL) sprintf(msg,"%.100s(null)  ",msg);
      |                                       ^~~~~~~~~~~~~~~~~~~~~~~~~~~~~~~~~
test.c:14:6: note: destination object referenced by 'restrict'-qualified argument 1 was declared here
   14 | char msg[300];
      |      ^~~
cc1.exe: all warnings being treated as errors
e6570d0
Tue, Apr 15, 2025 11:01:35 PM: 
Compilation failed
test.c:8:8: error: '_strdup' redeclared without dllimport attribute: previous dllimport ignored [-Werror=attributes]
    8 | char * _strdup(const char * str) {
      |        ^~~~~~~
test.c: In function 'enlarge_test':
test.c:442:9: error: 'sprintf' argument 3 overlaps destination object 'msg' [-Werror=restrict]
  442 |         sprintf(msg,"%.100s\nbut should be: \nvalue3  (null)  (null)  (null)  value4  (null)  value2  value1  value0  (null)  (null)  (null)  value5  (null)  (null)  (null)  (null)  (null)  (null)  (null)",msg);
      |         ^~~~~~~~~~~~~~~~~~~~~~~~~~~~~~~~~~~~~~~~~~~~~~~~~~~~~~~~~~~~~~~~~~~~~~~~~~~~~~~~~~~~~~~~~~~~~~~~~~~~~~~~~~~~~~~~~~~~~~~~~~~~~~~~~~~~~~~~~~~~~~~~~~~~~~~~~~~~~~~~~~~~~~~~~~~~~~~~~~~~~~~~~~~~~~~~~~~~~~~~~~
test.c:14:6: note: destination object referenced by 'restrict'-qualified argument 1 was declared here
   14 | char msg[300];
      |      ^~~
test.c:439:18: error: 'sprintf' argument 3 overlaps destination object 'msg' [-Werror=restrict]
  439 |             else sprintf(msg,"%.100s%s  ", msg, (char*)map->buckets[i]->value);
      |                  ^~~~~~~~~~~~~~~~~~~~~~~~~~~~~~~~~~~~~~~~~~~~~~~~~~~~~~~~~~~~~
test.c:14:6: note: destination object referenced by 'restrict'-qualified argument 1 was declared here
   14 | char msg[300];
      |      ^~~
test.c:438:39: error: 'sprintf' argument 3 overlaps destination object 'msg' [-Werror=restrict]
  438 |             if(map->buckets[i]==NULL) sprintf(msg,"%.100s(null)  ",msg);
      |                                       ^~~~~~~~~~~~~~~~~~~~~~~~~~~~~~~~~
test.c:14:6: note: destination object referenced by 'restrict'-qualified argument 1 was declared here
   14 | char msg[300];
      |      ^~~
cc1.exe: all warnings being treated as errors
161a172
Tue, Apr 15, 2025 11:01:49 PM: 
Compilation failed
test.c:8:8: error: '_strdup' redeclared without dllimport attribute: previous dllimport ignored [-Werror=attributes]
    8 | char * _strdup(const char * str) {
      |        ^~~~~~~
test.c: In function 'enlarge_test':
test.c:442:9: error: 'sprintf' argument 3 overlaps destination object 'msg' [-Werror=restrict]
  442 |         sprintf(msg,"%.100s\nbut should be: \nvalue3  (null)  (null)  (null)  value4  (null)  value2  value1  value0  (null)  (null)  (null)  value5  (null)  (null)  (null)  (null)  (null)  (null)  (null)",msg);
      |         ^~~~~~~~~~~~~~~~~~~~~~~~~~~~~~~~~~~~~~~~~~~~~~~~~~~~~~~~~~~~~~~~~~~~~~~~~~~~~~~~~~~~~~~~~~~~~~~~~~~~~~~~~~~~~~~~~~~~~~~~~~~~~~~~~~~~~~~~~~~~~~~~~~~~~~~~~~~~~~~~~~~~~~~~~~~~~~~~~~~~~~~~~~~~~~~~~~~~~~~~~~
test.c:14:6: note: destination object referenced by 'restrict'-qualified argument 1 was declared here
   14 | char msg[300];
      |      ^~~
test.c:439:18: error: 'sprintf' argument 3 overlaps destination object 'msg' [-Werror=restrict]
  439 |             else sprintf(msg,"%.100s%s  ", msg, (char*)map->buckets[i]->value);
      |                  ^~~~~~~~~~~~~~~~~~~~~~~~~~~~~~~~~~~~~~~~~~~~~~~~~~~~~~~~~~~~~
test.c:14:6: note: destination object referenced by 'restrict'-qualified argument 1 was declared here
   14 | char msg[300];
      |      ^~~
test.c:438:39: error: 'sprintf' argument 3 overlaps destination object 'msg' [-Werror=restrict]
  438 |             if(map->buckets[i]==NULL) sprintf(msg,"%.100s(null)  ",msg);
      |                                       ^~~~~~~~~~~~~~~~~~~~~~~~~~~~~~~~~
test.c:14:6: note: destination object referenced by 'restrict'-qualified argument 1 was declared here
   14 | char msg[300];
      |      ^~~
cc1.exe: all warnings being treated as errors
33c6f74
Tue, Apr 15, 2025 11:02:00 PM: 
Compilation failed
test.c:8:8: error: '_strdup' redeclared without dllimport attribute: previous dllimport ignored [-Werror=attributes]
    8 | char * _strdup(const char * str) {
      |        ^~~~~~~
test.c: In function 'enlarge_test':
test.c:442:9: error: 'sprintf' argument 3 overlaps destination object 'msg' [-Werror=restrict]
  442 |         sprintf(msg,"%.100s\nbut should be: \nvalue3  (null)  (null)  (null)  value4  (null)  value2  value1  value0  (null)  (null)  (null)  value5  (null)  (null)  (null)  (null)  (null)  (null)  (null)",msg);
      |         ^~~~~~~~~~~~~~~~~~~~~~~~~~~~~~~~~~~~~~~~~~~~~~~~~~~~~~~~~~~~~~~~~~~~~~~~~~~~~~~~~~~~~~~~~~~~~~~~~~~~~~~~~~~~~~~~~~~~~~~~~~~~~~~~~~~~~~~~~~~~~~~~~~~~~~~~~~~~~~~~~~~~~~~~~~~~~~~~~~~~~~~~~~~~~~~~~~~~~~~~~~
test.c:14:6: note: destination object referenced by 'restrict'-qualified argument 1 was declared here
   14 | char msg[300];
      |      ^~~
test.c:439:18: error: 'sprintf' argument 3 overlaps destination object 'msg' [-Werror=restrict]
  439 |             else sprintf(msg,"%.100s%s  ", msg, (char*)map->buckets[i]->value);
      |                  ^~~~~~~~~~~~~~~~~~~~~~~~~~~~~~~~~~~~~~~~~~~~~~~~~~~~~~~~~~~~~
test.c:14:6: note: destination object referenced by 'restrict'-qualified argument 1 was declared here
   14 | char msg[300];
      |      ^~~
test.c:438:39: error: 'sprintf' argument 3 overlaps destination object 'msg' [-Werror=restrict]
  438 |             if(map->buckets[i]==NULL) sprintf(msg,"%.100s(null)  ",msg);
      |                                       ^~~~~~~~~~~~~~~~~~~~~~~~~~~~~~~~~
test.c:14:6: note: destination object referenced by 'restrict'-qualified argument 1 was declared here
   14 | char msg[300];
      |      ^~~
cc1.exe: all warnings being treated as errors
d7d4e2f
Tue, Apr 15, 2025 11:02:54 PM: 
Compilation failed
test.c:8:8: error: '_strdup' redeclared without dllimport attribute: previous dllimport ignored [-Werror=attributes]
    8 | char * _strdup(const char * str) {
      |        ^~~~~~~
test.c: In function 'enlarge_test':
test.c:442:9: error: 'sprintf' argument 3 overlaps destination object 'msg' [-Werror=restrict]
  442 |         sprintf(msg,"%.100s\nbut should be: \nvalue3  (null)  (null)  (null)  value4  (null)  value2  value1  value0  (null)  (null)  (null)  value5  (null)  (null)  (null)  (null)  (null)  (null)  (null)",msg);
      |         ^~~~~~~~~~~~~~~~~~~~~~~~~~~~~~~~~~~~~~~~~~~~~~~~~~~~~~~~~~~~~~~~~~~~~~~~~~~~~~~~~~~~~~~~~~~~~~~~~~~~~~~~~~~~~~~~~~~~~~~~~~~~~~~~~~~~~~~~~~~~~~~~~~~~~~~~~~~~~~~~~~~~~~~~~~~~~~~~~~~~~~~~~~~~~~~~~~~~~~~~~~
test.c:14:6: note: destination object referenced by 'restrict'-qualified argument 1 was declared here
   14 | char msg[300];
      |      ^~~
test.c:439:18: error: 'sprintf' argument 3 overlaps destination object 'msg' [-Werror=restrict]
  439 |             else sprintf(msg,"%.100s%s  ", msg, (char*)map->buckets[i]->value);
      |                  ^~~~~~~~~~~~~~~~~~~~~~~~~~~~~~~~~~~~~~~~~~~~~~~~~~~~~~~~~~~~~
test.c:14:6: note: destination object referenced by 'restrict'-qualified argument 1 was declared here
   14 | char msg[300];
      |      ^~~
test.c:438:39: error: 'sprintf' argument 3 overlaps destination object 'msg' [-Werror=restrict]
  438 |             if(map->buckets[i]==NULL) sprintf(msg,"%.100s(null)  ",msg);
      |                                       ^~~~~~~~~~~~~~~~~~~~~~~~~~~~~~~~~
test.c:14:6: note: destination object referenced by 'restrict'-qualified argument 1 was declared here
   14 | char msg[300];
      |      ^~~
cc1.exe: all warnings being treated as errors
d9f2eef
Tue, Apr 15, 2025 11:04:26 PM: 
Compilation failed
test.c:8:8: error: '_strdup' redeclared without dllimport attribute: previous dllimport ignored [-Werror=attributes]
    8 | char * _strdup(const char * str) {
      |        ^~~~~~~
test.c: In function 'enlarge_test':
test.c:442:9: error: 'sprintf' argument 3 overlaps destination object 'msg' [-Werror=restrict]
  442 |         sprintf(msg,"%.100s\nbut should be: \nvalue3  (null)  (null)  (null)  value4  (null)  value2  value1  value0  (null)  (null)  (null)  value5  (null)  (null)  (null)  (null)  (null)  (null)  (null)",msg);
      |         ^~~~~~~~~~~~~~~~~~~~~~~~~~~~~~~~~~~~~~~~~~~~~~~~~~~~~~~~~~~~~~~~~~~~~~~~~~~~~~~~~~~~~~~~~~~~~~~~~~~~~~~~~~~~~~~~~~~~~~~~~~~~~~~~~~~~~~~~~~~~~~~~~~~~~~~~~~~~~~~~~~~~~~~~~~~~~~~~~~~~~~~~~~~~~~~~~~~~~~~~~~
test.c:14:6: note: destination object referenced by 'restrict'-qualified argument 1 was declared here
   14 | char msg[300];
      |      ^~~
test.c:439:18: error: 'sprintf' argument 3 overlaps destination object 'msg' [-Werror=restrict]
  439 |             else sprintf(msg,"%.100s%s  ", msg, (char*)map->buckets[i]->value);
      |                  ^~~~~~~~~~~~~~~~~~~~~~~~~~~~~~~~~~~~~~~~~~~~~~~~~~~~~~~~~~~~~
test.c:14:6: note: destination object referenced by 'restrict'-qualified argument 1 was declared here
   14 | char msg[300];
      |      ^~~
test.c:438:39: error: 'sprintf' argument 3 overlaps destination object 'msg' [-Werror=restrict]
  438 |             if(map->buckets[i]==NULL) sprintf(msg,"%.100s(null)  ",msg);
      |                                       ^~~~~~~~~~~~~~~~~~~~~~~~~~~~~~~~~
test.c:14:6: note: destination object referenced by 'restrict'-qualified argument 1 was declared here
   14 | char msg[300];
      |      ^~~
cc1.exe: all warnings being treated as errors
55ef0fd
Tue, Apr 15, 2025 11:05:35 PM: 
 tests:  1|5
total_score: 10/70
41eaadc
Tue, Apr 15, 2025 11:21:50 PM: 
 hashmap.c | 19 +++++++++++++++++++
 1 file changed, 19 insertions(+)
 tests:  1|5
total_score: 10/70
4f1c101
Tue, Apr 15, 2025 11:24:08 PM: 
 hashmap.c | 4 ++--
 1 file changed, 2 insertions(+), 2 deletions(-)
 tests:  5|4
total_score: 30/70
fb8bfe1
Tue, Apr 15, 2025 11:30:44 PM: 
 hashmap.c | 15 +++++++++++++++
 1 file changed, 15 insertions(+)
 tests:  8|3
total_score: 40/70
7f787ab
Tue, Apr 15, 2025 11:38:09 PM: 
 hashmap.c | 5 +++++
 1 file changed, 5 insertions(+)
 tests:  11|2
total_score: 50/70
15a3a5b
